{
  "RSpec": {
    "coverage": {
      "/Users/alexanderchristensen/Projects/software-udvikling/soft-dev-02-databases/munchora-server-relational-db/app/models/user.rb": {
        "lines": [
          1,
          1,
          null,
          7,
          null,
          1,
          1,
          1,
          1,
          1,
          1,
          1,
          1,
          1,
          1,
          null,
          449,
          null,
          1,
          1,
          1,
          null,
          null,
          225,
          225,
          null,
          null,
          1,
          null,
          107,
          104,
          null,
          3,
          null,
          null,
          null,
          1,
          215,
          null,
          1,
          null,
          null,
          1,
          1,
          null,
          null,
          null,
          null
        ]
      }
    },
    "timestamp": 1759948163
  }
}
