{
  "RSpec": {
    "coverage": {
      "/Users/alexanderchristensen/Projects/software-udvikling/soft-dev-02-databases/server/app/models/relational/grocery_list_item.rb": {
        "lines": [
          1,
          1,
          1,
          null,
          1,
          1,
          null
        ],
        "branches": {}
      },
      "/Users/alexanderchristensen/Projects/software-udvikling/soft-dev-02-databases/server/app/models/application_record.rb": {
        "lines": [
          1,
          1,
          1,
          null,
          null,
          1,
          5,
          null,
          null
        ],
        "branches": {}
      },
      "/Users/alexanderchristensen/Projects/software-udvikling/soft-dev-02-databases/server/app/models/concerns/grocery_categories.rb": {
        "lines": [
          1,
          null,
          1,
          null,
          null,
          null,
          null,
          null,
          null,
          null,
          null,
          null,
          null,
          null,
          null,
          null,
          null,
          null,
          null,
          null,
          null,
          null,
          null
        ],
        "branches": {}
      },
      "/Users/alexanderchristensen/Projects/software-udvikling/soft-dev-02-databases/server/app/models/relational/grocery_list.rb": {
        "lines": [
          1,
          1,
          null,
          1,
          null,
          1,
          null,
          1,
          1,
          1,
          null,
          1,
          null
        ],
        "branches": {}
      },
      "/Users/alexanderchristensen/Projects/software-udvikling/soft-dev-02-databases/server/app/models/relational/ingredient.rb": {
        "lines": [
          1,
          1,
          null,
          1,
          1,
          1,
          null
        ],
        "branches": {}
      },
      "/Users/alexanderchristensen/Projects/software-udvikling/soft-dev-02-databases/server/app/models/relational/recipe.rb": {
        "lines": [
          1,
          1,
          null,
          513,
          null,
          1,
          1,
          1,
          1,
          1,
          1,
          null,
          1,
          null,
          1,
          1,
          1,
          1,
          1,
          1,
          1,
          null,
          null,
          1,
          1,
          null,
          null,
          1,
          null,
          1,
          null,
          1,
          512,
          512,
          null,
          null,
          1,
          581,
          577,
          577,
          2,
          null,
          null,
          4,
          null,
          null,
          null
        ],
        "branches": {
          "[:\"&.\", 0, 33, 22, 33, 42]": {
            "[:then, 1, 33, 22, 33, 42]": 512,
            "[:else, 2, 33, 22, 33, 42]": 0
          },
          "[:if, 3, 34, 4, 34, 58]": {
            "[:then, 4, 34, 4, 34, 41]": 512,
            "[:else, 5, 34, 4, 34, 58]": 0
          },
          "[:if, 6, 38, 4, 45, 7]": {
            "[:then, 7, 39, 6, 42, 9]": 577,
            "[:else, 8, 44, 6, 44, 60]": 4
          },
          "[:if, 9, 40, 6, 42, 9]": {
            "[:then, 10, 41, 8, 41, 86]": 2,
            "[:else, 11, 40, 6, 42, 9]": 575
          }
        }
      },
      "/Users/alexanderchristensen/Projects/software-udvikling/soft-dev-02-databases/server/app/models/relational/user.rb": {
        "lines": [
          1,
          1,
          null,
          1899,
          null,
          1,
          1,
          1,
          1,
          1,
          1,
          1,
          1,
          1,
          null,
          8045,
          null,
          1,
          1,
          1,
          null,
          null,
          4023,
          4023,
          null,
          null,
          1,
          null,
          2008,
          2005,
          null,
          3,
          null,
          null,
          null,
          1,
          4015,
          null,
          1,
          null,
          null,
          1,
          117,
          null,
          null,
          null,
          null
        ],
        "branches": {
          "[:if, 0, 29, 4, 33, 7]": {
            "[:then, 1, 30, 6, 30, 33]": 2005,
            "[:else, 2, 32, 6, 32, 16]": 3
          }
        }
      },
      "/Users/alexanderchristensen/Projects/software-udvikling/soft-dev-02-databases/server/app/controllers/api/v1/auth_controller.rb": {
        "lines": [
          1,
          1,
          null,
          1,
          0,
          0,
          null,
          null,
          1,
          0,
          null,
          0,
          null,
          0,
          0,
          null,
          0,
          0,
          null,
          0,
          null,
          null,
          null,
          1,
          2,
          null,
          2,
          1,
          null,
          1,
          null,
          null,
          null,
          1,
          2,
          2,
          0,
          2,
          0,
          null,
          2,
          null,
          null,
          2,
          1,
          1,
          null,
          1,
          null,
          1,
          null,
          null,
          null,
          1,
          1,
          null,
          1,
          null,
          null,
          1,
          null,
          1,
          0,
          0,
          0,
          null,
          0,
          null,
          null,
          1,
          1,
          null,
          null,
          null,
          null,
          null,
          null,
          null,
          null,
          null
        ],
        "branches": {
          "[:if, 0, 17, 4, 21, 7]": {
            "[:then, 1, 18, 6, 18, 45]": 0,
            "[:else, 2, 20, 6, 20, 46]": 0
          },
          "[:if, 3, 27, 4, 31, 7]": {
            "[:then, 4, 28, 6, 28, 41]": 1,
            "[:else, 5, 30, 6, 30, 67]": 1
          },
          "[:if, 6, 36, 11, 42, 7]": {
            "[:then, 7, 37, 13, 37, 58]": 0,
            "[:else, 8, 38, 4, 42, 7]": 2
          },
          "[:if, 9, 38, 4, 42, 7]": {
            "[:then, 10, 39, 13, 39, 55]": 0,
            "[:else, 11, 41, 13, 41, 60]": 2
          },
          "[:\"&.\", 12, 44, 7, 44, 44]": {
            "[:then, 13, 44, 7, 44, 44]": 2,
            "[:else, 14, 44, 7, 44, 44]": 0
          },
          "[:if, 15, 44, 4, 51, 7]": {
            "[:then, 16, 45, 6, 48, 47]": 1,
            "[:else, 17, 50, 6, 50, 80]": 1
          }
        }
      },
      "/Users/alexanderchristensen/Projects/software-udvikling/soft-dev-02-databases/server/app/controllers/application_controller.rb": {
        "lines": [
          1,
          1,
          1,
          null,
          1,
          null,
          1,
          null,
          1,
          null,
          0,
          null,
          0,
          0,
          null,
          0,
          null,
          null,
          null,
          null,
          null,
          null,
          null,
          null,
          null,
          0,
          null,
          null,
          null,
          null,
          0,
          null,
          0,
          0,
          null,
          null,
          null,
          1,
          0,
          null,
          null,
          1,
          29,
          null,
          29,
          28,
          28,
          24,
          null,
          null,
          null,
          29,
          4,
          null,
          null,
          25,
          25,
          0,
          null,
          null,
          25,
          25,
          0,
          25,
          0,
          null,
          25,
          null,
          null,
          25,
          0,
          null,
          null,
          0,
          null,
          null,
          1,
          2,
          null,
          2,
          0,
          0,
          0,
          null,
          null,
          null,
          2,
          0,
          0,
          null,
          null,
          2,
          2,
          1,
          null,
          null,
          1,
          1,
          0,
          1,
          0,
          null,
          1,
          null,
          null,
          null,
          0,
          null,
          null,
          1,
          0,
          0,
          0,
          null,
          null,
          null,
          1,
          null,
          1,
          44,
          null,
          null,
          null,
          34,
          null,
          1,
          null,
          null,
          null,
          1,
          0,
          null,
          null
        ],
        "branches": {
          "[:if, 0, 9, 2, 35, 5]": {
            "[:then, 1, 11, 4, 34, 127]": 0,
            "[:else, 2, 9, 2, 35, 5]": 1
          },
          "[:if, 3, 26, 21, 26, 90]": {
            "[:then, 4, 26, 42, 26, 67]": 0,
            "[:else, 5, 26, 70, 26, 90]": 0
          },
          "[:if, 6, 45, 4, 50, 7]": {
            "[:then, 7, 46, 6, 49, 9]": 28,
            "[:else, 8, 45, 4, 50, 7]": 1
          },
          "[:if, 9, 47, 6, 49, 9]": {
            "[:then, 10, 48, 8, 48, 43]": 24,
            "[:else, 11, 47, 6, 49, 9]": 4
          },
          "[:if, 12, 52, 4, 54, 7]": {
            "[:then, 13, 53, 6, 53, 74]": 4,
            "[:else, 14, 52, 4, 54, 7]": 25
          },
          "[:if, 15, 57, 4, 59, 7]": {
            "[:then, 16, 58, 6, 58, 74]": 0,
            "[:else, 17, 57, 4, 59, 7]": 25
          },
          "[:if, 18, 62, 20, 68, 7]": {
            "[:then, 19, 63, 22, 63, 67]": 0,
            "[:else, 20, 64, 4, 68, 7]": 25
          },
          "[:if, 21, 64, 4, 68, 7]": {
            "[:then, 22, 65, 22, 65, 64]": 0,
            "[:else, 23, 67, 22, 67, 69]": 25
          },
          "[:if, 24, 70, 4, 72, 7]": {
            "[:then, 25, 71, 6, 71, 67]": 0,
            "[:else, 26, 70, 4, 72, 7]": 25
          },
          "[:if, 27, 80, 4, 85, 7]": {
            "[:then, 28, 81, 6, 84, 9]": 0,
            "[:else, 29, 80, 4, 85, 7]": 2
          },
          "[:if, 30, 82, 6, 84, 9]": {
            "[:then, 31, 83, 8, 83, 43]": 0,
            "[:else, 32, 82, 6, 84, 9]": 0
          },
          "[:if, 33, 87, 4, 90, 7]": {
            "[:then, 34, 88, 6, 89, 12]": 0,
            "[:else, 35, 87, 4, 90, 7]": 2
          },
          "[:if, 36, 93, 4, 95, 7]": {
            "[:then, 37, 94, 6, 94, 16]": 1,
            "[:else, 38, 93, 4, 95, 7]": 1
          },
          "[:if, 39, 98, 20, 104, 7]": {
            "[:then, 40, 99, 22, 99, 67]": 0,
            "[:else, 41, 100, 4, 104, 7]": 1
          },
          "[:if, 42, 100, 4, 104, 7]": {
            "[:then, 43, 101, 22, 101, 64]": 0,
            "[:else, 44, 103, 22, 103, 69]": 1
          },
          "[:\"&.\", 45, 112, 11, 112, 30]": {
            "[:then, 46, 112, 11, 112, 30]": 0,
            "[:else, 47, 112, 11, 112, 30]": 0
          },
          "[:unless, 48, 112, 4, 114, 7]": {
            "[:else, 49, 112, 4, 114, 7]": 0,
            "[:then, 50, 113, 6, 113, 80]": 0
          },
          "[:\"&.\", 51, 113, 32, 113, 51]": {
            "[:then, 52, 113, 32, 113, 51]": 0,
            "[:else, 53, 113, 32, 113, 51]": 0
          },
          "[:unless, 54, 113, 6, 113, 80]": {
            "[:else, 55, 113, 6, 113, 80]": 0,
            "[:then, 56, 113, 6, 113, 24]": 0
          },
          "[:unless, 57, 120, 4, 120, 60]": {
            "[:else, 58, 120, 4, 120, 60]": 34,
            "[:then, 59, 120, 4, 120, 10]": 10
          },
          "[:unless, 60, 124, 6, 124, 65]": {
            "[:else, 61, 124, 6, 124, 65]": 21,
            "[:then, 62, 124, 6, 124, 34]": 13
          }
        }
      },
      "/Users/alexanderchristensen/Projects/software-udvikling/soft-dev-02-databases/server/app/controllers/concerns/error_handling.rb": {
        "lines": [
          1,
          1,
          null,
          1,
          null,
          1,
          1,
          1,
          1,
          1,
          null,
          null,
          1,
          1,
          null,
          null,
          1,
          null,
          null,
          1,
          null,
          1,
          0,
          null,
          null,
          1,
          null,
          0,
          0,
          null,
          null,
          1,
          0,
          null,
          null,
          1,
          0,
          null,
          null,
          1,
          0,
          0,
          0,
          null,
          null,
          1,
          2,
          null,
          null,
          null,
          null,
          null,
          null,
          null,
          null
        ],
        "branches": {
          "[:unless, 0, 17, 4, 17, 89]": {
            "[:else, 1, 17, 4, 17, 89]": 0,
            "[:then, 2, 17, 4, 17, 59]": 1
          }
        }
      },
      "/Users/alexanderchristensen/Projects/software-udvikling/soft-dev-02-databases/server/app/controllers/api/v1/llm_controller.rb": {
        "lines": [
          1,
          1,
          1,
          null,
          1,
          null,
          1,
          1,
          null,
          1,
          1,
          1,
          null,
          null,
          0,
          null,
          null,
          0,
          0,
          null,
          null,
          1,
          0,
          0,
          null,
          null,
          0,
          0,
          null,
          null,
          0,
          null,
          null,
          0,
          0,
          null,
          null,
          1,
          0,
          0,
          null,
          0,
          null,
          0,
          null,
          null,
          0,
          0,
          null,
          null,
          1,
          null,
          1,
          0,
          0,
          0,
          0,
          0,
          null,
          0,
          null,
          null,
          0,
          null,
          null
        ],
        "branches": {
          "[:if, 0, 23, 4, 25, 7]": {
            "[:then, 1, 24, 6, 24, 64]": 0,
            "[:else, 2, 23, 4, 25, 7]": 0
          },
          "[:if, 3, 55, 14, 61, 7]": {
            "[:then, 4, 56, 6, 56, 40]": 0,
            "[:else, 5, 57, 4, 61, 7]": 0
          },
          "[:if, 6, 57, 4, 61, 7]": {
            "[:then, 7, 58, 6, 58, 47]": 0,
            "[:else, 8, 60, 6, 60, 65]": 0
          }
        }
      },
      "/Users/alexanderchristensen/Projects/software-udvikling/soft-dev-02-databases/server/app/controllers/api/v1/users_controller.rb": {
        "lines": [
          1,
          1,
          null,
          null,
          1,
          18,
          1,
          null,
          null,
          17,
          null,
          17,
          0,
          17,
          0,
          null,
          17,
          null,
          null,
          17,
          null,
          null,
          null,
          null,
          null,
          null,
          null,
          null,
          null,
          1,
          2,
          null,
          null,
          1,
          9,
          1,
          null,
          null,
          8,
          null,
          8,
          0,
          8,
          0,
          null,
          8,
          null,
          8,
          5,
          null,
          3,
          null,
          null,
          null,
          1,
          4,
          3,
          null,
          1,
          null,
          null,
          null,
          1,
          0,
          0,
          0,
          null,
          0,
          null,
          null,
          null,
          1,
          0,
          null,
          0,
          0,
          null,
          0,
          null,
          null,
          null,
          1,
          0,
          0,
          0,
          0,
          0,
          null,
          0,
          null,
          null,
          0,
          null,
          null,
          null,
          1,
          null,
          1,
          4,
          null,
          null,
          1,
          8,
          null,
          null
        ],
        "branches": {
          "[:if, 0, 6, 4, 8, 7]": {
            "[:then, 1, 7, 6, 7, 103]": 1,
            "[:else, 2, 6, 4, 8, 7]": 17
          },
          "[:if, 3, 12, 6, 18, 9]": {
            "[:then, 4, 13, 8, 13, 56]": 0,
            "[:else, 5, 14, 6, 18, 9]": 17
          },
          "[:if, 6, 14, 6, 18, 9]": {
            "[:then, 7, 15, 8, 15, 54]": 0,
            "[:else, 8, 17, 8, 17, 54]": 17
          },
          "[:if, 9, 35, 4, 37, 7]": {
            "[:then, 10, 36, 6, 36, 75]": 1,
            "[:else, 11, 35, 4, 37, 7]": 8
          },
          "[:if, 12, 41, 6, 47, 9]": {
            "[:then, 13, 42, 8, 42, 39]": 0,
            "[:else, 14, 43, 6, 47, 9]": 8
          },
          "[:if, 15, 43, 6, 47, 9]": {
            "[:then, 16, 44, 8, 44, 36]": 0,
            "[:else, 17, 46, 8, 46, 41]": 8
          },
          "[:if, 18, 48, 4, 52, 7]": {
            "[:then, 19, 49, 6, 49, 41]": 5,
            "[:else, 20, 51, 6, 51, 87]": 3
          },
          "[:if, 21, 56, 4, 60, 7]": {
            "[:then, 22, 57, 6, 57, 31]": 3,
            "[:else, 23, 59, 6, 59, 95]": 1
          },
          "[:if, 24, 65, 4, 69, 7]": {
            "[:then, 25, 66, 6, 66, 32]": 0,
            "[:else, 26, 68, 6, 68, 86]": 0
          },
          "[:if, 27, 75, 4, 79, 7]": {
            "[:then, 28, 76, 6, 76, 51]": 0,
            "[:else, 29, 78, 6, 78, 74]": 0
          },
          "[:if, 30, 83, 4, 93, 7]": {
            "[:then, 31, 84, 6, 90, 9]": 0,
            "[:else, 32, 92, 6, 92, 67]": 0
          },
          "[:if, 33, 84, 6, 90, 9]": {
            "[:then, 34, 85, 8, 87, 51]": 0,
            "[:else, 35, 89, 8, 89, 85]": 0
          }
        }
      },
      "/Users/alexanderchristensen/Projects/software-udvikling/soft-dev-02-databases/server/app/models/relational/grocery_list_share.rb": {
        "lines": [
          1,
          1,
          1,
          1,
          null,
          1,
          null
        ],
        "branches": {}
      },
      "/Users/alexanderchristensen/Projects/software-udvikling/soft-dev-02-databases/server/app/models/relational/llm_usage.rb": {
        "lines": [
          1,
          1,
          null,
          1,
          null,
          1,
          1,
          null,
          1,
          1,
          1,
          1,
          null,
          null,
          null
        ],
        "branches": {}
      },
      "/Users/alexanderchristensen/Projects/software-udvikling/soft-dev-02-databases/server/app/services/auth/json_web_token.rb": {
        "lines": [
          1,
          1,
          null,
          1,
          28,
          28,
          null,
          null,
          1,
          27,
          26,
          null,
          1,
          null,
          null
        ],
        "branches": {}
      },
      "/Users/alexanderchristensen/Projects/software-udvikling/soft-dev-02-databases/server/app/services/llm/llm_service.rb": {
        "lines": [
          1,
          1,
          1,
          null,
          null,
          1,
          null,
          1,
          1,
          null,
          1,
          null,
          1,
          1,
          null,
          1,
          null,
          null,
          1,
          null,
          null,
          null,
          null,
          null,
          null,
          null,
          null,
          null,
          null,
          null,
          null,
          null,
          1,
          0,
          0,
          1,
          0,
          null,
          null,
          0,
          0,
          null,
          null,
          null,
          null,
          null,
          null,
          0,
          null,
          1,
          null,
          null,
          1,
          0,
          null,
          null,
          null,
          null,
          null,
          null,
          1,
          null,
          null,
          1,
          null,
          1,
          null,
          0,
          0,
          null,
          null,
          1,
          0,
          null,
          null,
          0,
          null,
          null,
          null,
          null,
          null,
          null,
          null,
          null,
          null,
          null,
          null,
          null,
          null,
          0,
          null,
          null,
          null,
          null,
          null,
          null,
          null,
          null,
          null,
          null,
          0,
          null,
          0,
          0,
          null,
          0,
          null,
          0,
          null,
          0,
          null,
          0,
          0,
          0,
          null,
          null,
          null,
          null,
          null,
          0,
          0,
          0,
          0,
          0,
          null,
          0,
          null,
          null,
          0,
          0,
          null,
          null,
          null,
          null,
          null,
          null,
          0,
          null,
          null,
          0,
          0,
          null,
          0,
          null,
          null,
          0,
          0,
          null,
          null,
          null,
          null,
          null,
          null,
          0,
          null,
          null,
          null,
          0,
          null,
          0,
          0,
          null,
          null,
          1,
          null,
          1,
          0,
          null,
          null,
          null,
          null,
          null,
          null,
          null,
          null,
          null,
          null,
          1,
          0,
          null,
          0,
          0,
          null,
          null,
          0,
          null,
          0,
          null,
          0,
          0,
          0,
          null,
          null,
          0,
          0,
          0,
          null,
          null,
          0,
          null,
          null,
          1,
          0,
          0,
          null,
          0,
          0,
          null,
          null,
          null,
          0,
          0,
          null,
          null,
          null,
          null,
          0,
          null,
          null,
          null,
          null,
          null,
          null,
          1,
          0,
          null,
          null,
          1,
          1,
          null,
          0,
          0,
          null,
          0,
          null,
          null,
          null,
          null,
          null,
          null,
          null,
          null,
          null,
          null,
          null,
          1,
          null,
          0,
          null,
          null,
          null,
          null,
          null,
          null,
          null,
          null,
          null,
          null,
          0,
          0,
          null,
          null
        ],
        "branches": {
          "[:if, 0, 9, 4, 9, 58]": {
            "[:then, 1, 9, 4, 9, 25]": 0,
            "[:else, 2, 9, 4, 9, 58]": 1
          },
          "[:\"&.\", 3, 13, 17, 13, 48]": {
            "[:then, 4, 13, 17, 13, 48]": 1,
            "[:else, 5, 13, 17, 13, 48]": 0
          },
          "[:\"&.\", 6, 13, 17, 13, 57]": {
            "[:then, 7, 13, 17, 13, 57]": 1,
            "[:else, 8, 13, 17, 13, 57]": 0
          },
          "[:if, 9, 33, 6, 62, 9]": {
            "[:then, 10, 34, 8, 35, 51]": 0,
            "[:else, 11, 36, 6, 62, 9]": 1
          },
          "[:if, 12, 36, 6, 62, 9]": {
            "[:then, 13, 37, 8, 48, 22]": 0,
            "[:else, 14, 50, 8, 61, 22]": 1
          },
          "[:if, 15, 73, 4, 73, 58]": {
            "[:then, 16, 73, 4, 73, 25]": 0,
            "[:else, 17, 73, 4, 73, 58]": 0
          },
          "[:\"&.\", 18, 103, 25, 103, 48]": {
            "[:then, 19, 103, 25, 103, 48]": 0,
            "[:else, 20, 103, 25, 103, 48]": 0
          },
          "[:\"&.\", 21, 103, 25, 103, 57]": {
            "[:then, 22, 103, 25, 103, 57]": 0,
            "[:else, 23, 103, 25, 103, 57]": 0
          },
          "[:\"&.\", 24, 103, 25, 103, 66]": {
            "[:then, 25, 103, 25, 103, 66]": 0,
            "[:else, 26, 103, 25, 103, 66]": 0
          },
          "[:if, 27, 110, 4, 156, 7]": {
            "[:then, 28, 112, 6, 121, 62]": 0,
            "[:else, 29, 122, 4, 156, 7]": 0
          },
          "[:if, 30, 113, 17, 113, 79]": {
            "[:then, 31, 113, 50, 113, 51]": 0,
            "[:else, 32, 113, 54, 113, 79]": 0
          },
          "[:if, 33, 122, 4, 156, 7]": {
            "[:then, 34, 123, 6, 138, 9]": 0,
            "[:else, 35, 140, 6, 155, 9]": 0
          },
          "[:if, 36, 124, 8, 136, 11]": {
            "[:then, 37, 126, 10, 135, 13]": 0,
            "[:else, 38, 124, 8, 136, 11]": 0
          },
          "[:if, 39, 141, 8, 153, 11]": {
            "[:then, 40, 143, 10, 152, 13]": 0,
            "[:else, 41, 141, 8, 153, 11]": 0
          },
          "[:unless, 42, 181, 4, 183, 7]": {
            "[:else, 43, 181, 4, 183, 7]": 0,
            "[:then, 44, 182, 6, 182, 62]": 0
          },
          "[:if, 45, 190, 4, 192, 7]": {
            "[:then, 46, 191, 6, 191, 79]": 0,
            "[:else, 47, 190, 4, 192, 7]": 0
          },
          "[:unless, 48, 196, 6, 196, 108]": {
            "[:else, 49, 196, 6, 196, 108]": 0,
            "[:then, 50, 196, 6, 196, 49]": 0
          },
          "[:if, 51, 203, 4, 205, 7]": {
            "[:then, 52, 204, 6, 204, 18]": 0,
            "[:else, 53, 203, 4, 205, 7]": 0
          },
          "[:if, 54, 206, 4, 221, 7]": {
            "[:then, 55, 207, 6, 210, 44]": 0,
            "[:else, 56, 211, 4, 221, 7]": 0
          },
          "[:if, 57, 211, 4, 221, 7]": {
            "[:then, 58, 212, 6, 215, 31]": 0,
            "[:else, 59, 217, 6, 220, 46]": 0
          },
          "[:unless, 60, 229, 4, 229, 32]": {
            "[:else, 61, 229, 4, 229, 32]": 0,
            "[:then, 62, 229, 4, 229, 10]": 1
          },
          "[:if, 63, 231, 4, 243, 7]": {
            "[:then, 64, 231, 26, 231, 26]": 0,
            "[:else, 65, 232, 4, 243, 7]": 0
          },
          "[:if, 66, 232, 4, 243, 7]": {
            "[:then, 67, 232, 27, 232, 27]": 0,
            "[:else, 68, 234, 6, 242, 7]": 0
          },
          "[:if, 69, 259, 17, 259, 127]": {
            "[:then, 70, 259, 39, 259, 107]": 0,
            "[:else, 71, 259, 110, 259, 127]": 0
          }
        }
      },
      "/Users/alexanderchristensen/Projects/software-udvikling/soft-dev-02-databases/server/app/services/users/mysql_user_search_service.rb": {
        "lines": [
          1,
          1,
          17,
          17,
          17,
          null,
          null,
          1,
          17,
          null,
          17,
          6,
          6,
          null,
          null,
          null,
          null,
          null,
          17,
          null,
          null,
          17,
          null,
          null,
          null,
          null,
          null,
          null,
          null
        ],
        "branches": {
          "[:if, 0, 11, 4, 17, 7]": {
            "[:then, 1, 12, 6, 16, 7]": 6,
            "[:else, 2, 11, 4, 17, 7]": 11
          }
        }
      },
      "/Users/alexanderchristensen/Projects/software-udvikling/soft-dev-02-databases/server/app/channels/application_cable/channel.rb": {
        "lines": [
          0,
          0,
          0,
          0
        ],
        "branches": {}
      },
      "/Users/alexanderchristensen/Projects/software-udvikling/soft-dev-02-databases/server/app/channels/application_cable/connection.rb": {
        "lines": [
          null,
          0,
          0,
          0,
          null,
          0,
          0,
          0,
          0,
          0,
          null,
          0,
          0,
          0,
          null,
          0,
          null,
          0,
          0,
          0,
          0,
          0,
          null,
          0,
          0,
          0,
          0,
          null,
          0,
          0,
          0,
          0,
          null,
          0,
          0,
          null,
          null,
          0,
          0,
          0,
          0,
          0,
          0,
          0,
          0,
          null,
          0,
          null,
          0,
          0,
          null,
          0,
          0,
          0,
          0,
          0,
          0,
          0,
          0,
          null,
          0,
          null,
          0,
          0,
          0,
          0,
          0,
          0,
          0
        ],
        "branches": {}
      },
      "/Users/alexanderchristensen/Projects/software-udvikling/soft-dev-02-databases/server/app/channels/notifications_channel.rb": {
        "lines": [
          0,
          0,
          0,
          0,
          null,
          0,
          null,
          0,
          0
        ],
        "branches": {}
      },
      "/Users/alexanderchristensen/Projects/software-udvikling/soft-dev-02-databases/server/app/controllers/api/v1/feedbacks_controller.rb": {
        "lines": [
          0,
          0,
          0,
          null,
          null,
          0,
          0,
          0,
          0,
          0,
          0,
          0,
          0,
          0,
          0,
          0,
          null,
          0,
          0,
          0,
          0,
          0,
          0,
          0,
          0,
          0,
          null,
          null,
          0,
          0,
          0,
          null,
          null,
          0,
          0,
          0,
          0,
          0,
          0,
          0,
          0,
          0,
          0,
          0,
          0,
          0,
          0,
          0,
          null,
          null,
          0,
          0,
          0,
          0,
          null,
          0,
          null,
          0,
          0,
          0,
          0,
          0,
          0,
          0,
          0,
          0,
          0,
          0,
          0,
          null,
          0,
          0,
          0,
          0
        ],
        "branches": {}
      },
      "/Users/alexanderchristensen/Projects/software-udvikling/soft-dev-02-databases/server/app/controllers/api/v1/grocery_list_audits_controller.rb": {
        "lines": [
          0,
          0,
          null,
          0,
          0,
          0,
          0,
          0
        ],
        "branches": {}
      },
      "/Users/alexanderchristensen/Projects/software-udvikling/soft-dev-02-databases/server/app/controllers/api/v1/grocery_list_item_audits_controller.rb": {
        "lines": [
          0,
          0,
          null,
          0,
          0,
          0,
          0,
          0
        ],
        "branches": {}
      },
      "/Users/alexanderchristensen/Projects/software-udvikling/soft-dev-02-databases/server/app/controllers/api/v1/grocery_lists_controller.rb": {
        "lines": [
          0,
          0,
          0,
          null,
          0,
          0,
          0,
          0,
          0,
          0,
          0,
          0,
          0,
          0,
          0,
          0,
          null,
          0,
          null,
          0,
          0,
          0,
          0,
          0,
          0,
          0,
          null,
          0,
          0,
          0,
          0,
          null,
          null,
          0,
          0,
          0,
          0,
          0,
          0,
          0,
          null,
          0,
          0,
          0,
          0,
          0,
          0,
          0,
          null,
          0,
          0,
          0,
          0,
          0,
          0,
          0,
          null,
          0,
          0,
          0,
          null,
          0,
          0,
          0,
          0,
          0,
          0,
          0,
          0,
          0,
          null,
          null,
          0,
          0,
          0,
          0,
          null,
          0,
          0,
          0,
          0,
          0,
          null,
          0,
          0,
          0,
          0,
          null,
          0,
          0,
          0,
          0,
          0,
          null,
          0,
          0,
          0,
          null,
          0,
          0,
          0,
          0,
          0,
          null,
          0,
          0,
          0,
          0,
          0,
          0,
          0,
          0,
          null,
          0,
          null,
          0,
          0,
          0,
          0,
          null,
          0,
          0,
          0,
          0,
          0,
          0,
          0,
          0,
          0,
          0,
          0,
          0,
          0,
          0,
          0,
          0,
          0,
          0,
          0,
          0,
          null,
          0,
          0,
          0,
          null,
          0,
          0,
          0,
          null,
          0,
          0,
          0,
          0
        ],
        "branches": {}
      },
      "/Users/alexanderchristensen/Projects/software-udvikling/soft-dev-02-databases/server/app/controllers/api/v1/invoices_controller.rb": {
        "lines": [
          0,
          0,
          0,
          null,
          0,
          0,
          0,
          0,
          null,
          0,
          0,
          0,
          null,
          0,
          0,
          0,
          0,
          0,
          0,
          0,
          null,
          0,
          null,
          0,
          0,
          0,
          0
        ],
        "branches": {}
      },
      "/Users/alexanderchristensen/Projects/software-udvikling/soft-dev-02-databases/server/app/controllers/api/v1/recipe_suggestions_controller.rb": {
        "lines": [
          0,
          0,
          0,
          0,
          null,
          0,
          0,
          0,
          0,
          0,
          0,
          0,
          0,
          0,
          0
        ],
        "branches": {}
      },
      "/Users/alexanderchristensen/Projects/software-udvikling/soft-dev-02-databases/server/app/controllers/api/v1/recipe_summary_controller.rb": {
        "lines": [
          0,
          0,
          null,
          0,
          0,
          0,
          0,
          0,
          0,
          0,
          0,
          0,
          0,
          0
        ],
        "branches": {}
      },
      "/Users/alexanderchristensen/Projects/software-udvikling/soft-dev-02-databases/server/app/controllers/api/v1/recipes_controller.rb": {
        "lines": [
          0,
          0,
          0,
          0,
          0,
          0,
          null,
          0,
          null,
          0,
          0,
          0,
          0,
          0,
          0,
          0,
          0,
          0,
          0,
          null,
          0,
          0,
          0,
          0,
          0,
          0,
          0,
          0,
          0,
          0,
          0,
          0,
          null,
          0,
          0,
          0,
          0,
          0,
          0,
          0,
          0,
          0,
          0,
          0,
          null,
          0,
          0,
          0,
          0,
          null,
          0,
          0,
          0,
          0,
          0,
          0,
          0,
          0,
          null,
          0,
          0,
          0,
          0,
          0,
          0,
          0,
          0,
          0,
          0,
          0,
          null,
          0,
          0,
          0,
          0,
          null,
          0,
          0,
          0,
          0,
          0,
          null,
          0,
          0,
          0,
          0,
          0,
          0,
          0,
          null,
          0,
          0,
          0,
          null,
          0,
          null,
          0,
          0,
          0,
          0,
          0,
          0,
          null,
          0,
          0,
          0,
          null,
          0,
          0,
          0,
          0,
          null,
          0,
          0,
          0,
          0,
          0,
          0,
          null,
          0,
          0,
          0,
          0,
          0,
          0,
          0,
          0,
          0,
          0,
          null,
          0,
          0,
          0,
          0,
          0,
          0,
          null,
          0,
          0,
          0,
          0,
          0,
          null,
          0,
          0,
          0,
          0,
          0,
          0,
          null,
          0,
          0,
          0,
          0,
          0,
          0,
          0,
          0,
          0,
          0,
          0,
          0,
          0,
          0,
          0,
          0,
          0,
          0,
          0,
          0,
          0,
          null,
          0,
          0,
          0,
          0,
          0,
          null,
          0,
          0,
          0,
          0,
          0,
          0,
          null,
          0,
          null,
          0,
          0,
          0,
          0,
          0,
          0,
          0,
          0,
          0,
          0,
          0,
          null,
          0,
          0,
          0,
          0,
          0,
          0,
          null,
          0,
          0,
          0,
          0,
          0,
          0,
          null,
          0,
          0,
          0,
          0,
          0,
          0,
          null,
          0,
          0,
          0,
          0
        ],
        "branches": {}
      },
      "/Users/alexanderchristensen/Projects/software-udvikling/soft-dev-02-databases/server/app/controllers/api/v1/subscriptions_controller.rb": {
        "lines": [
          0,
          0,
          0,
          null,
          null,
          0,
          0,
          0,
          0,
          null,
          null,
          0,
          0,
          0,
          null,
          null,
          0,
          0,
          0,
          null,
          0,
          0,
          0,
          0,
          0,
          0,
          null,
          null,
          0,
          0,
          0,
          0,
          0,
          0,
          0,
          null,
          0,
          null,
          0,
          0,
          0,
          null,
          0,
          0,
          0,
          0
        ],
        "branches": {}
      },
      "/Users/alexanderchristensen/Projects/software-udvikling/soft-dev-02-databases/server/app/controllers/api/v1/user_audits_controller.rb": {
        "lines": [
          0,
          0,
          null,
          0,
          0,
          0,
          0,
          0
        ],
        "branches": {}
      },
      "/Users/alexanderchristensen/Projects/software-udvikling/soft-dev-02-databases/server/app/errors/llm_usage_limit_exceeded.rb": {
        "lines": [
          0
        ],
        "branches": {}
      },
      "/Users/alexanderchristensen/Projects/software-udvikling/soft-dev-02-databases/server/app/jobs/application_job.rb": {
        "lines": [
          0,
          null,
          null,
          null,
          null,
          null,
          0
        ],
        "branches": {}
      },
      "/Users/alexanderchristensen/Projects/software-udvikling/soft-dev-02-databases/server/app/mailers/application_mailer.rb": {
        "lines": [
          0,
          0,
          0,
          0
        ],
        "branches": {}
      },
      "/Users/alexanderchristensen/Projects/software-udvikling/soft-dev-02-databases/server/app/models/document/feedback.rb": {
        "lines": [
          0,
          0,
          0,
          null,
          0,
          null,
          0,
          0,
          0,
          0,
          null,
          0,
          null,
          0,
          0,
          0,
          0,
          0,
          0,
          0
        ],
        "branches": {}
      },
      "/Users/alexanderchristensen/Projects/software-udvikling/soft-dev-02-databases/server/app/models/document/grocery_list.rb": {
        "lines": [
          0,
          0,
          0,
          null,
          0,
          null,
          0,
          0,
          null,
          null,
          0,
          null,
          null,
          0,
          null,
          null,
          0,
          0,
          0,
          null,
          null,
          0,
          0,
          null,
          null,
          0,
          0,
          0,
          0,
          0,
          null,
          0,
          0
        ],
        "branches": {}
      },
      "/Users/alexanderchristensen/Projects/software-udvikling/soft-dev-02-databases/server/app/models/document/grocery_list_item.rb": {
        "lines": [
          0,
          0,
          0,
          null,
          0,
          null,
          0,
          0,
          0,
          0,
          null,
          0,
          null,
          0,
          0,
          0
        ],
        "branches": {}
      },
      "/Users/alexanderchristensen/Projects/software-udvikling/soft-dev-02-databases/server/app/models/document/ingredient.rb": {
        "lines": [
          0,
          0,
          0,
          null,
          0,
          0,
          0,
          null,
          0,
          0,
          0,
          0
        ],
        "branches": {}
      },
      "/Users/alexanderchristensen/Projects/software-udvikling/soft-dev-02-databases/server/app/models/document/llm_usage.rb": {
        "lines": [
          0,
          0,
          0,
          null,
          0,
          null,
          0,
          0,
          0,
          0,
          0,
          null,
          0,
          0,
          null,
          0,
          null,
          0,
          0,
          0,
          0,
          0,
          0,
          0
        ],
        "branches": {}
      },
      "/Users/alexanderchristensen/Projects/software-udvikling/soft-dev-02-databases/server/app/models/document/recipe.rb": {
        "lines": [
          0,
          0,
          0,
          null,
          0,
          null,
          0,
          0,
          0,
          0,
          0,
          0,
          0,
          0,
          0,
          0,
          0,
          null,
          0,
          null,
          null,
          0,
          null,
          0,
          0,
          null,
          null,
          0,
          0,
          0,
          0,
          0,
          0,
          null,
          0,
          0,
          0,
          0,
          0,
          0,
          0,
          0,
          0,
          0,
          0,
          null,
          null,
          0,
          null,
          0,
          null,
          0,
          0,
          0,
          0,
          null,
          0,
          0,
          0,
          0,
          0,
          0,
          0,
          0,
          0,
          0,
          0
        ],
        "branches": {}
      },
      "/Users/alexanderchristensen/Projects/software-udvikling/soft-dev-02-databases/server/app/models/document/recipe_comment.rb": {
        "lines": [
          0,
          0,
          0,
          null,
          0,
          null,
          0,
          null,
          0,
          0,
          null,
          0,
          0
        ],
        "branches": {}
      },
      "/Users/alexanderchristensen/Projects/software-udvikling/soft-dev-02-databases/server/app/models/document/recipe_like.rb": {
        "lines": [
          0,
          0,
          0,
          null,
          0,
          null,
          0,
          0,
          0
        ],
        "branches": {}
      },
      "/Users/alexanderchristensen/Projects/software-udvikling/soft-dev-02-databases/server/app/models/document/user.rb": {
        "lines": [
          0,
          0,
          0,
          null,
          0,
          null,
          0,
          0,
          0,
          0,
          0,
          0,
          0,
          0,
          0,
          null,
          null,
          0,
          null,
          null,
          0,
          0,
          0,
          null,
          null,
          0,
          null,
          null,
          0,
          0,
          null,
          null,
          0,
          0,
          0,
          0,
          0,
          null,
          0,
          0,
          0,
          null,
          null,
          0,
          0,
          0,
          0,
          null,
          null,
          0,
          0,
          null,
          null,
          0,
          0,
          null,
          null,
          0,
          null,
          null,
          0,
          0,
          null,
          0,
          0,
          0,
          0,
          0,
          null,
          0,
          null,
          0,
          0,
          0,
          null,
          0,
          0,
          0,
          0,
          0
        ],
        "branches": {}
      },
      "/Users/alexanderchristensen/Projects/software-udvikling/soft-dev-02-databases/server/app/models/graph/grocery_list.rb": {
        "lines": [
          0,
          0,
          0,
          null,
          0,
          null,
          0,
          0,
          null,
          null,
          0,
          0,
          0,
          null,
          0,
          0
        ],
        "branches": {}
      },
      "/Users/alexanderchristensen/Projects/software-udvikling/soft-dev-02-databases/server/app/models/graph/grocery_list_item.rb": {
        "lines": [
          0,
          0,
          0,
          null,
          0,
          null,
          0,
          0,
          0,
          0,
          null,
          null,
          0,
          0,
          null,
          0,
          0,
          0
        ],
        "branches": {}
      },
      "/Users/alexanderchristensen/Projects/software-udvikling/soft-dev-02-databases/server/app/models/graph/ingredient.rb": {
        "lines": [
          0,
          0,
          0,
          null,
          0,
          null,
          0,
          null,
          0,
          0,
          0,
          null,
          0,
          0,
          0,
          null,
          null,
          0,
          0
        ],
        "branches": {}
      },
      "/Users/alexanderchristensen/Projects/software-udvikling/soft-dev-02-databases/server/app/models/graph/llm_usage.rb": {
        "lines": [
          0,
          0,
          0,
          null,
          0,
          null,
          0,
          null,
          0,
          0,
          0,
          0,
          0,
          null,
          null,
          0,
          0,
          0
        ],
        "branches": {}
      },
      "/Users/alexanderchristensen/Projects/software-udvikling/soft-dev-02-databases/server/app/models/graph/recipe.rb": {
        "lines": [
          0,
          0,
          0,
          null,
          0,
          null,
          null,
          0,
          0,
          0,
          0,
          0,
          0,
          0,
          0,
          0,
          0,
          0,
          0,
          null,
          0,
          0,
          0,
          null,
          null,
          0,
          0,
          0,
          0,
          0,
          null,
          null,
          0,
          0,
          0,
          0,
          0,
          0,
          0,
          0,
          0,
          0,
          null,
          null,
          null,
          null,
          null,
          null,
          null,
          null,
          null,
          0
        ],
        "branches": {}
      },
      "/Users/alexanderchristensen/Projects/software-udvikling/soft-dev-02-databases/server/app/models/graph/recipe_comment.rb": {
        "lines": [
          0,
          0,
          0,
          null,
          0,
          null,
          null,
          0,
          0,
          null,
          null,
          0,
          0,
          null,
          null,
          0,
          0
        ],
        "branches": {}
      },
      "/Users/alexanderchristensen/Projects/software-udvikling/soft-dev-02-databases/server/app/models/graph/recipe_like.rb": {
        "lines": [
          0,
          0,
          0,
          null,
          0,
          null,
          null,
          0,
          null,
          null,
          0,
          0,
          0
        ],
        "branches": {}
      },
      "/Users/alexanderchristensen/Projects/software-udvikling/soft-dev-02-databases/server/app/models/graph/user.rb": {
        "lines": [
          0,
          0,
          0,
          0,
          null,
          0,
          null,
          null,
          0,
          0,
          0,
          0,
          0,
          0,
          0,
          0,
          0,
          null,
          null,
          0,
          0,
          0,
          0,
          null,
          null,
          0,
          0,
          0,
          0,
          0,
          0,
          null,
          0,
          0,
          0,
          null,
          0,
          0,
          null,
          null,
          0,
          0,
          null,
          0,
          0,
          0,
          null,
          null,
          0,
          0,
          0,
          0,
          0,
          0,
          0,
          0,
          0
        ],
        "branches": {}
      },
      "/Users/alexanderchristensen/Projects/software-udvikling/soft-dev-02-databases/server/app/models/relational/feedback.rb": {
        "lines": [
          0,
          0,
          null,
          0,
          0,
          0,
          0,
          0,
          0,
          0
        ],
        "branches": {}
      },
      "/Users/alexanderchristensen/Projects/software-udvikling/soft-dev-02-databases/server/app/models/relational/grocery_list_audit.rb": {
        "lines": [
          0,
          0
        ],
        "branches": {}
      },
      "/Users/alexanderchristensen/Projects/software-udvikling/soft-dev-02-databases/server/app/models/relational/grocery_list_item_audit.rb": {
        "lines": [
          0,
          0
        ],
        "branches": {}
      },
      "/Users/alexanderchristensen/Projects/software-udvikling/soft-dev-02-databases/server/app/models/relational/invoice.rb": {
        "lines": [
          0,
          0,
          0,
          null,
          0,
          0,
          0,
          0,
          0,
          0,
          0,
          null,
          0,
          null,
          null,
          0,
          0,
          0,
          0,
          0,
          null,
          null,
          0,
          0,
          null,
          0,
          0,
          0,
          0,
          0
        ],
        "branches": {}
      },
      "/Users/alexanderchristensen/Projects/software-udvikling/soft-dev-02-databases/server/app/models/relational/recipe_comment.rb": {
        "lines": [
          0,
          0,
          0,
          0
        ],
        "branches": {}
      },
      "/Users/alexanderchristensen/Projects/software-udvikling/soft-dev-02-databases/server/app/models/relational/recipe_like.rb": {
        "lines": [
          0,
          0,
          0,
          0
        ],
        "branches": {}
      },
      "/Users/alexanderchristensen/Projects/software-udvikling/soft-dev-02-databases/server/app/models/relational/recipe_suggestion.rb": {
        "lines": [
          0,
          0,
          0,
          0
        ],
        "branches": {}
      },
      "/Users/alexanderchristensen/Projects/software-udvikling/soft-dev-02-databases/server/app/models/relational/recipe_summary_view.rb": {
        "lines": [
          0,
          0,
          null,
          null,
          0,
          0,
          0,
          0
        ],
        "branches": {}
      },
      "/Users/alexanderchristensen/Projects/software-udvikling/soft-dev-02-databases/server/app/models/relational/subscription.rb": {
        "lines": [
          0,
          0,
          0,
          0,
          null,
          0,
          0
        ],
        "branches": {}
      },
      "/Users/alexanderchristensen/Projects/software-udvikling/soft-dev-02-databases/server/app/models/relational/subscription_plan.rb": {
        "lines": [
          0,
          0,
          null,
          0,
          0,
          0,
          0,
          0
        ],
        "branches": {}
      },
      "/Users/alexanderchristensen/Projects/software-udvikling/soft-dev-02-databases/server/app/models/relational/user_audit.rb": {
        "lines": [
          0,
          0
        ],
        "branches": {}
      },
      "/Users/alexanderchristensen/Projects/software-udvikling/soft-dev-02-databases/server/app/services/auth/google_auth_service.rb": {
        "lines": [
          0,
          0,
          0,
          0,
          0,
          0,
          0,
          null,
          0,
          0,
          null,
          0,
          null,
          0,
          0,
          0,
          0,
          0,
          0,
          0,
          null,
          0,
          0,
          0,
          null,
          null,
          0,
          0,
          0,
          0,
          0,
          0,
          0,
          0,
          0,
          0,
          null,
          null,
          0,
          0,
          0,
          null,
          0,
          0,
          0,
          0,
          0,
          0,
          0,
          null,
          0,
          0,
          0,
          null,
          0,
          0,
          0,
          0,
          0,
          0,
          0,
          0,
          0,
          0,
          0,
          0
        ],
        "branches": {}
      },
      "/Users/alexanderchristensen/Projects/software-udvikling/soft-dev-02-databases/server/app/services/grocery_lists/creator.rb": {
        "lines": [
          0,
          0,
          0,
          0,
          0,
          0,
          0,
          0,
          0,
          0,
          0
        ],
        "branches": {}
      },
      "/Users/alexanderchristensen/Projects/software-udvikling/soft-dev-02-databases/server/app/services/grocery_lists/item_manager.rb": {
        "lines": [
          0,
          0,
          0,
          0,
          0,
          0,
          0,
          0,
          0,
          0,
          0,
          0,
          0,
          0,
          0,
          0,
          0,
          null,
          0,
          0,
          0,
          0,
          0,
          0,
          0,
          0,
          0,
          0,
          0,
          0,
          0,
          0,
          null,
          0,
          0,
          0,
          null,
          0,
          0,
          0,
          0,
          null,
          0,
          null,
          0,
          0,
          0,
          null,
          0,
          0,
          null,
          0,
          0,
          0,
          0,
          0,
          0,
          0,
          0
        ],
        "branches": {}
      },
      "/Users/alexanderchristensen/Projects/software-udvikling/soft-dev-02-databases/server/app/services/grocery_lists/notify_events.rb": {
        "lines": [
          0,
          0,
          0,
          0,
          0,
          0,
          0,
          0,
          null,
          0,
          0,
          0,
          0,
          null,
          0,
          0,
          0,
          0,
          0,
          0,
          0,
          0,
          0,
          0,
          0,
          0,
          null,
          0,
          0,
          0,
          0,
          null,
          0,
          0,
          0,
          0,
          null,
          0,
          0,
          0,
          0,
          null,
          0,
          0,
          0,
          0,
          null,
          0,
          0,
          0,
          0,
          null,
          0,
          null,
          0,
          0,
          0,
          0,
          null,
          0,
          0,
          0,
          0,
          0,
          0,
          0,
          0,
          0,
          0,
          0,
          0,
          0
        ],
        "branches": {}
      },
      "/Users/alexanderchristensen/Projects/software-udvikling/soft-dev-02-databases/server/app/services/grocery_lists/sharer.rb": {
        "lines": [
          0,
          0,
          0,
          0,
          0,
          0,
          0,
          0,
          0,
          0,
          0,
          null,
          0,
          0,
          0,
          0,
          0,
          0,
          0,
          0,
          0,
          0,
          null,
          0,
          null,
          0,
          0,
          null,
          0,
          null,
          0,
          0,
          0,
          null,
          null,
          0,
          0,
          0,
          0,
          null,
          0,
          0,
          0,
          null,
          0,
          0,
          null,
          0,
          null,
          0,
          0,
          0,
          0,
          0,
          null,
          0,
          0,
          null,
          null,
          0,
          null,
          null,
          0,
          null,
          0,
          0,
          0,
          0
        ],
        "branches": {}
      },
      "/Users/alexanderchristensen/Projects/software-udvikling/soft-dev-02-databases/server/app/services/image_upload/processor.rb": {
        "lines": [
          0,
          0,
          0,
          null,
          0,
          null,
          0,
          0,
          0,
          0,
          0,
          null,
          0,
          0,
          0,
          0,
          0,
          null,
          0,
          null,
          0,
          0,
          0,
          null,
          0,
          null,
          0,
          0,
          null,
          0,
          0,
          null,
          0,
          null,
          0,
          0,
          0,
          null,
          0,
          0,
          0,
          0
        ],
        "branches": {}
      },
      "/Users/alexanderchristensen/Projects/software-udvikling/soft-dev-02-databases/server/app/services/llm/llm_image_service.rb": {
        "lines": [
          0,
          null,
          0,
          0,
          0,
          0,
          0,
          null,
          0,
          null,
          0,
          0,
          null,
          0,
          0,
          0,
          0,
          0,
          null,
          0,
          null,
          0,
          0,
          0,
          0,
          null,
          0,
          0,
          0,
          0,
          0,
          null,
          0,
          0,
          0,
          null,
          0,
          0,
          null,
          0,
          0,
          0,
          0,
          0,
          0,
          0,
          0,
          0,
          0,
          null,
          0,
          0,
          0,
          0,
          0,
          0,
          0,
          null,
          0,
          null,
          0,
          0,
          0,
          0,
          0,
          null,
          0,
          null,
          0,
          null,
          0,
          null,
          0,
          null,
          0,
          null,
          0,
          0,
          0,
          0,
          0,
          0,
          0,
          null,
          0,
          0,
          0,
          0,
          0,
          null,
          null,
          0,
          0,
          0,
          0,
          0,
          0,
          0,
          0
        ],
        "branches": {}
      },
      "/Users/alexanderchristensen/Projects/software-udvikling/soft-dev-02-databases/server/app/services/llm/recipe_llm_instruction.rb": {
        "lines": [
          0,
          0,
          0,
          0,
          0,
          0,
          null,
          0,
          null,
          0,
          0,
          0,
          0,
          0,
          0,
          0,
          0,
          null,
          0,
          0,
          0,
          0,
          0,
          0,
          0,
          0,
          0,
          0,
          0,
          0,
          0,
          0,
          0,
          0,
          0,
          0,
          0,
          0,
          0
        ],
        "branches": {}
      },
      "/Users/alexanderchristensen/Projects/software-udvikling/soft-dev-02-databases/server/app/services/recipes/mongodb_recipe_search_service.rb": {
        "lines": [
          0,
          0,
          null,
          0,
          0,
          0,
          0,
          0,
          0,
          0,
          0,
          0,
          null,
          0,
          0,
          0,
          0,
          0,
          0,
          0,
          0,
          0,
          null,
          0,
          null,
          0,
          0,
          0,
          0,
          null,
          0,
          0,
          0,
          0,
          null,
          0,
          0,
          0,
          0,
          0,
          null,
          0,
          0,
          0,
          0,
          0,
          0,
          0,
          0,
          0,
          0,
          0,
          null,
          0,
          null,
          0,
          null,
          0,
          0,
          0,
          0,
          0,
          0,
          0,
          0,
          0
        ],
        "branches": {}
      },
      "/Users/alexanderchristensen/Projects/software-udvikling/soft-dev-02-databases/server/app/services/recipes/mongodb_recipe_summary_service.rb": {
        "lines": [
          0,
          0,
          null,
          0,
          0,
          0,
          0,
          null,
          0,
          0,
          null,
          null,
          0,
          null,
          null,
          0,
          null,
          null,
          0,
          null,
          null,
          0,
          null,
          null,
          0,
          0,
          0,
          0,
          0,
          0,
          null,
          null,
          0,
          0,
          0,
          0,
          0,
          0,
          0,
          null,
          null,
          0,
          0,
          0,
          0,
          0,
          0,
          0,
          null,
          null,
          0,
          0,
          0,
          0,
          0,
          0,
          0,
          null,
          null,
          0,
          0,
          0,
          0,
          0,
          0,
          0,
          0,
          0,
          0,
          0,
          0,
          0,
          0,
          0,
          0,
          0,
          0,
          0,
          null,
          null,
          0,
          0,
          0,
          0,
          0,
          0,
          0,
          0,
          0,
          0,
          0,
          0,
          0,
          0,
          0,
          0,
          0,
          0,
          0,
          0,
          0,
          0,
          0,
          0,
          0,
          0,
          0,
          0,
          0,
          0,
          null,
          null,
          0,
          0,
          0,
          0
        ],
        "branches": {}
      },
      "/Users/alexanderchristensen/Projects/software-udvikling/soft-dev-02-databases/server/app/services/recipes/mysql_recipe_search_service.rb": {
        "lines": [
          0,
          0,
          null,
          0,
          0,
          0,
          0,
          0,
          0,
          0,
          0,
          0,
          null,
          0,
          0,
          0,
          0,
          0,
          0,
          0,
          0,
          0,
          null,
          0,
          null,
          0,
          0,
          0,
          0,
          null,
          0,
          0,
          0,
          0,
          null,
          0,
          0,
          0,
          0,
          null,
          0,
          0,
          0,
          0,
          0,
          0,
          0,
          0,
          null,
          0,
          null,
          0,
          null,
          0,
          0,
          0,
          0,
          0,
          0,
          0,
          0,
          0
        ],
        "branches": {}
      },
      "/Users/alexanderchristensen/Projects/software-udvikling/soft-dev-02-databases/server/app/services/recipes/mysql_recipe_updater.rb": {
        "lines": [
          0,
          0,
          0,
          0,
          0,
          null,
          0,
          0,
          0,
          null,
          0,
          null,
          null,
          0,
          0,
          0,
          0,
          0,
          0,
          0,
          0,
          null,
          0,
          0,
          0,
          0
        ],
        "branches": {}
      },
      "/Users/alexanderchristensen/Projects/software-udvikling/soft-dev-02-databases/server/app/services/recipes/neo4j_recipe_search_service.rb": {
        "lines": [
          0,
          0,
          null,
          0,
          0,
          0,
          0,
          0,
          0,
          0,
          0,
          0,
          null,
          0,
          0,
          0,
          0,
          0,
          0,
          0,
          0,
          null,
          0,
          null,
          0,
          0,
          0,
          0,
          null,
          0,
          0,
          0,
          0,
          null,
          0,
          0,
          0,
          0,
          null,
          0,
          0,
          0,
          0,
          0,
          0,
          0,
          0,
          null,
          0,
          null,
          null,
          0,
          null,
          0,
          0,
          0,
          0,
          0,
          0,
          0,
          0,
          0
        ],
        "branches": {}
      },
      "/Users/alexanderchristensen/Projects/software-udvikling/soft-dev-02-databases/server/app/services/recipes/neo4j_recipe_updater.rb": {
        "lines": [
          0,
          0,
          0,
          0,
          0,
          0,
          null,
          0,
          0,
          0,
          0,
          0,
          null,
          0,
          0,
          null,
          0,
          null,
          0,
          0,
          null,
          0,
          0,
          0,
          0,
          0,
          0,
          null,
          0,
          0,
          0,
          0,
          0,
          0,
          0,
          null,
          0,
          0,
          0,
          null,
          null,
          0,
          0,
          0,
          0,
          null,
          0,
          null,
          0,
          0,
          0,
          0,
          0,
          null,
          0,
          0,
          0
        ],
        "branches": {}
      },
      "/Users/alexanderchristensen/Projects/software-udvikling/soft-dev-02-databases/server/app/services/recipes/recipes_service.rb": {
        "lines": [
          0,
          0,
          0,
          0,
          0,
          0,
          0,
          null,
          0,
          0,
          null,
          0,
          0,
          null,
          0,
          0,
          null,
          0,
          0,
          null,
          0,
          0,
          0,
          0,
          0,
          0,
          0
        ],
        "branches": {}
      },
      "/Users/alexanderchristensen/Projects/software-udvikling/soft-dev-02-databases/server/app/services/users/mongodb_user_search_service.rb": {
        "lines": [
          0,
          0,
          0,
          0,
          0,
          0,
          null,
          0,
          0,
          null,
          0,
          0,
          0,
          0,
          0,
          0,
          0,
          0,
          0,
          0,
          null,
          0,
          null,
          0,
          0,
          0,
          0,
          0,
          0,
          0,
          0,
          0
        ],
        "branches": {}
      },
      "/Users/alexanderchristensen/Projects/software-udvikling/soft-dev-02-databases/server/app/services/users/neo4j_user_search_service.rb": {
        "lines": [
          0,
          0,
          0,
          0,
          0,
          0,
          null,
          0,
          0,
          null,
          0,
          0,
          0,
          0,
          null,
          0,
          0,
          null,
          0,
          null,
          0,
          0,
          0,
          0,
          0,
          0,
          0,
          0,
          0
        ],
        "branches": {}
      },
      "/Users/alexanderchristensen/Projects/software-udvikling/soft-dev-02-databases/server/app/services/users/users_uploads_service.rb": {
        "lines": [
          0,
          0,
          0,
          0,
          0,
          0,
          0,
          null,
          0,
          0,
          null,
          0,
          0,
          null,
          0,
          0,
          null,
          0,
          0,
          null,
          0,
          0,
          0,
          0,
          0,
          0,
          0
        ],
        "branches": {}
      }
    },
    "timestamp": 1764869039
  }
}
